Analysis & Synthesis report for regfile32x32
Thu Oct 31 10:26:35 2019
Quartus II Version 9.1 Build 222 10/21/2009 SJ Web Edition


---------------------
; Table of Contents ;
---------------------
  1. Legal Notice
  2. Analysis & Synthesis Summary
  3. Analysis & Synthesis Settings
  4. Parallel Compilation
  5. Analysis & Synthesis Source Files Read
  6. Analysis & Synthesis Resource Usage Summary
  7. Analysis & Synthesis Resource Utilization by Entity
  8. Registers Removed During Synthesis
  9. General Register Statistics
 10. Multiplexer Restructuring Statistics (Restructuring Performed)
 11. Analysis & Synthesis Messages



----------------
; Legal Notice ;
----------------
Copyright (C) 1991-2009 Altera Corporation
Your use of Altera Corporation's design tools, logic functions 
and other software and tools, and its AMPP partner logic 
functions, and any output files from any of the foregoing 
(including device programming or simulation files), and any 
associated documentation or information are expressly subject 
to the terms and conditions of the Altera Program License 
Subscription Agreement, Altera MegaCore Function License 
Agreement, or other applicable license agreement, including, 
without limitation, that your use is for the sole purpose of 
programming logic devices manufactured by Altera and sold by 
Altera or its authorized distributors.  Please refer to the 
applicable agreement for further details.



+------------------------------------------------------------------------------+
; Analysis & Synthesis Summary                                                 ;
+------------------------------------+-----------------------------------------+
; Analysis & Synthesis Status        ; Successful - Thu Oct 31 10:26:35 2019   ;
; Quartus II Version                 ; 9.1 Build 222 10/21/2009 SJ Web Edition ;
; Revision Name                      ; regfile32x32                            ;
; Top-level Entity Name              ; regfile32x32                            ;
; Family                             ; Cyclone II                              ;
; Total logic elements               ; 892                                     ;
;     Total combinational functions  ; 412                                     ;
;     Dedicated logic registers      ; 496                                     ;
; Total registers                    ; 496                                     ;
; Total pins                         ; 115                                     ;
; Total virtual pins                 ; 0                                       ;
; Total memory bits                  ; 0                                       ;
; Embedded Multiplier 9-bit elements ; 0                                       ;
; Total PLLs                         ; 0                                       ;
+------------------------------------+-----------------------------------------+


+----------------------------------------------------------------------------------------------------------------------+
; Analysis & Synthesis Settings                                                                                        ;
+----------------------------------------------------------------------------+--------------------+--------------------+
; Option                                                                     ; Setting            ; Default Value      ;
+----------------------------------------------------------------------------+--------------------+--------------------+
; Top-level entity name                                                      ; regfile32x32       ; regfile32x32       ;
; Family name                                                                ; Cyclone II         ; Stratix II         ;
; Use Generated Physical Constraints File                                    ; Off                ;                    ;
; Use smart compilation                                                      ; Off                ; Off                ;
; Enable parallel Assembler and TimeQuest Timing Analyzer during compilation ; On                 ; On                 ;
; Enable compact report table                                                ; Off                ; Off                ;
; Restructure Multiplexers                                                   ; Auto               ; Auto               ;
; Create Debugging Nodes for IP Cores                                        ; Off                ; Off                ;
; Preserve fewer node names                                                  ; On                 ; On                 ;
; Disable OpenCore Plus hardware evaluation                                  ; Off                ; Off                ;
; Verilog Version                                                            ; Verilog_2001       ; Verilog_2001       ;
; VHDL Version                                                               ; VHDL_1993          ; VHDL_1993          ;
; State Machine Processing                                                   ; Auto               ; Auto               ;
; Safe State Machine                                                         ; Off                ; Off                ;
; Extract Verilog State Machines                                             ; On                 ; On                 ;
; Extract VHDL State Machines                                                ; On                 ; On                 ;
; Ignore Verilog initial constructs                                          ; Off                ; Off                ;
; Iteration limit for constant Verilog loops                                 ; 5000               ; 5000               ;
; Iteration limit for non-constant Verilog loops                             ; 250                ; 250                ;
; Add Pass-Through Logic to Inferred RAMs                                    ; On                 ; On                 ;
; Parallel Synthesis                                                         ; On                 ; On                 ;
; DSP Block Balancing                                                        ; Auto               ; Auto               ;
; NOT Gate Push-Back                                                         ; On                 ; On                 ;
; Power-Up Don't Care                                                        ; On                 ; On                 ;
; Remove Redundant Logic Cells                                               ; Off                ; Off                ;
; Remove Duplicate Registers                                                 ; On                 ; On                 ;
; Ignore CARRY Buffers                                                       ; Off                ; Off                ;
; Ignore CASCADE Buffers                                                     ; Off                ; Off                ;
; Ignore GLOBAL Buffers                                                      ; Off                ; Off                ;
; Ignore ROW GLOBAL Buffers                                                  ; Off                ; Off                ;
; Ignore LCELL Buffers                                                       ; Off                ; Off                ;
; Ignore SOFT Buffers                                                        ; On                 ; On                 ;
; Limit AHDL Integers to 32 Bits                                             ; Off                ; Off                ;
; Optimization Technique                                                     ; Balanced           ; Balanced           ;
; Carry Chain Length                                                         ; 70                 ; 70                 ;
; Auto Carry Chains                                                          ; On                 ; On                 ;
; Auto Open-Drain Pins                                                       ; On                 ; On                 ;
; Perform WYSIWYG Primitive Resynthesis                                      ; Off                ; Off                ;
; Auto ROM Replacement                                                       ; On                 ; On                 ;
; Auto RAM Replacement                                                       ; On                 ; On                 ;
; Auto Shift Register Replacement                                            ; Auto               ; Auto               ;
; Auto Clock Enable Replacement                                              ; On                 ; On                 ;
; Strict RAM Replacement                                                     ; Off                ; Off                ;
; Allow Synchronous Control Signals                                          ; On                 ; On                 ;
; Force Use of Synchronous Clear Signals                                     ; Off                ; Off                ;
; Auto RAM to Logic Cell Conversion                                          ; Off                ; Off                ;
; Auto Resource Sharing                                                      ; Off                ; Off                ;
; Allow Any RAM Size For Recognition                                         ; Off                ; Off                ;
; Allow Any ROM Size For Recognition                                         ; Off                ; Off                ;
; Allow Any Shift Register Size For Recognition                              ; Off                ; Off                ;
; Use LogicLock Constraints during Resource Balancing                        ; On                 ; On                 ;
; Ignore translate_off and synthesis_off directives                          ; Off                ; Off                ;
; Timing-Driven Synthesis                                                    ; Off                ; Off                ;
; Show Parameter Settings Tables in Synthesis Report                         ; On                 ; On                 ;
; Ignore Maximum Fan-Out Assignments                                         ; Off                ; Off                ;
; Synchronization Register Chain Length                                      ; 2                  ; 2                  ;
; PowerPlay Power Optimization                                               ; Normal compilation ; Normal compilation ;
; HDL message level                                                          ; Level2             ; Level2             ;
; Suppress Register Optimization Related Messages                            ; Off                ; Off                ;
; Number of Removed Registers Reported in Synthesis Report                   ; 100                ; 100                ;
; Number of Inverted Registers Reported in Synthesis Report                  ; 100                ; 100                ;
; Clock MUX Protection                                                       ; On                 ; On                 ;
; Auto Gated Clock Conversion                                                ; Off                ; Off                ;
; Block Design Naming                                                        ; Auto               ; Auto               ;
; SDC constraint protection                                                  ; Off                ; Off                ;
; Synthesis Effort                                                           ; Auto               ; Auto               ;
; Shift Register Replacement - Allow Asynchronous Clear Signal               ; On                 ; On                 ;
; Analysis & Synthesis Message Level                                         ; Medium             ; Medium             ;
; Disable Register Merging Across Hierarchies                                ; Auto               ; Auto               ;
; Resource Aware Inference For Block RAM                                     ; On                 ; On                 ;
+----------------------------------------------------------------------------+--------------------+--------------------+


Parallel compilation was disabled, but you have multiple processors available. Enable parallel compilation to reduce compilation time.
+-------------------------------------+
; Parallel Compilation                ;
+----------------------------+--------+
; Processors                 ; Number ;
+----------------------------+--------+
; Number detected on machine ; 2      ;
; Maximum allowed            ; 1      ;
+----------------------------+--------+


+----------------------------------------------------------------------------------------------------------------------------------------------------------+
; Analysis & Synthesis Source Files Read                                                                                                                   ;
+----------------------------------+-----------------+------------------------+----------------------------------------------------------------------------+
; File Name with User-Entered Path ; Used in Netlist ; File Type              ; File Name with Absolute Path                                               ;
+----------------------------------+-----------------+------------------------+----------------------------------------------------------------------------+
; regfile32x32.v                   ; yes             ; User Verilog HDL File  ; C:/Users/NGUYEN DUY LINH/Desktop/CS_Projects/RISC-V/regfile/regfile32x32.v ;
+----------------------------------+-----------------+------------------------+----------------------------------------------------------------------------+


+-----------------------------------------------------+
; Analysis & Synthesis Resource Usage Summary         ;
+---------------------------------------------+-------+
; Resource                                    ; Usage ;
+---------------------------------------------+-------+
; Estimated Total logic elements              ; 892   ;
;                                             ;       ;
; Total combinational functions               ; 412   ;
; Logic element usage by number of LUT inputs ;       ;
;     -- 4 input functions                    ; 375   ;
;     -- 3 input functions                    ; 19    ;
;     -- <=2 input functions                  ; 18    ;
;                                             ;       ;
; Logic elements by mode                      ;       ;
;     -- normal mode                          ; 412   ;
;     -- arithmetic mode                      ; 0     ;
;                                             ;       ;
; Total registers                             ; 496   ;
;     -- Dedicated logic registers            ; 496   ;
;     -- I/O registers                        ; 0     ;
;                                             ;       ;
; I/O pins                                    ; 115   ;
; Maximum fan-out node                        ; clk   ;
; Maximum fan-out                             ; 496   ;
; Total fan-out                               ; 3097  ;
; Average fan-out                             ; 3.03  ;
+---------------------------------------------+-------+


+-----------------------------------------------------------------------------------------------------------------------------------------------------------------------------+
; Analysis & Synthesis Resource Utilization by Entity                                                                                                                         ;
+----------------------------+-------------------+--------------+-------------+--------------+---------+-----------+------+--------------+---------------------+--------------+
; Compilation Hierarchy Node ; LC Combinationals ; LC Registers ; Memory Bits ; DSP Elements ; DSP 9x9 ; DSP 18x18 ; Pins ; Virtual Pins ; Full Hierarchy Name ; Library Name ;
+----------------------------+-------------------+--------------+-------------+--------------+---------+-----------+------+--------------+---------------------+--------------+
; |regfile32x32              ; 412 (412)         ; 496 (496)    ; 0           ; 0            ; 0       ; 0         ; 115  ; 0            ; |regfile32x32       ; work         ;
+----------------------------+-------------------+--------------+-------------+--------------+---------+-----------+------+--------------+---------------------+--------------+
Note: For table entries with two numbers listed, the numbers in parentheses indicate the number of resources of the given type used by the specific entity alone. The numbers listed outside of parentheses indicate the total resources of the given type used by the specific entity and all of its sub-entities in the hierarchy.


+---------------------------------------------------------------------------------+
; Registers Removed During Synthesis                                              ;
+----------------------------------------+----------------------------------------+
; Register name                          ; Reason for Removal                     ;
+----------------------------------------+----------------------------------------+
; regfile[0][0]                          ; Stuck at GND due to stuck port data_in ;
; regfile[0][1]                          ; Stuck at GND due to stuck port data_in ;
; regfile[0][2]                          ; Stuck at GND due to stuck port data_in ;
; regfile[0][3]                          ; Stuck at GND due to stuck port data_in ;
; regfile[0][4]                          ; Stuck at GND due to stuck port data_in ;
; regfile[0][5]                          ; Stuck at GND due to stuck port data_in ;
; regfile[0][6]                          ; Stuck at GND due to stuck port data_in ;
; regfile[0][7]                          ; Stuck at GND due to stuck port data_in ;
; regfile[0][8]                          ; Stuck at GND due to stuck port data_in ;
; regfile[0][9]                          ; Stuck at GND due to stuck port data_in ;
; regfile[0][10]                         ; Stuck at GND due to stuck port data_in ;
; regfile[0][11]                         ; Stuck at GND due to stuck port data_in ;
; regfile[0][12]                         ; Stuck at GND due to stuck port data_in ;
; regfile[0][13]                         ; Stuck at GND due to stuck port data_in ;
; regfile[0][14]                         ; Stuck at GND due to stuck port data_in ;
; regfile[0][15]                         ; Stuck at GND due to stuck port data_in ;
; regfile[0][16]                         ; Stuck at GND due to stuck port data_in ;
; regfile[0][17]                         ; Stuck at GND due to stuck port data_in ;
; regfile[0][18]                         ; Stuck at GND due to stuck port data_in ;
; regfile[0][19]                         ; Stuck at GND due to stuck port data_in ;
; regfile[0][20]                         ; Stuck at GND due to stuck port data_in ;
; regfile[0][21]                         ; Stuck at GND due to stuck port data_in ;
; regfile[0][22]                         ; Stuck at GND due to stuck port data_in ;
; regfile[0][23]                         ; Stuck at GND due to stuck port data_in ;
; regfile[0][24]                         ; Stuck at GND due to stuck port data_in ;
; regfile[0][25]                         ; Stuck at GND due to stuck port data_in ;
; regfile[0][26]                         ; Stuck at GND due to stuck port data_in ;
; regfile[0][27]                         ; Stuck at GND due to stuck port data_in ;
; regfile[0][28]                         ; Stuck at GND due to stuck port data_in ;
; regfile[0][29]                         ; Stuck at GND due to stuck port data_in ;
; regfile[0][30]                         ; Stuck at GND due to stuck port data_in ;
; regfile[0][31]                         ; Stuck at GND due to stuck port data_in ;
; Total Number of Removed Registers = 32 ;                                        ;
+----------------------------------------+----------------------------------------+


+------------------------------------------------------+
; General Register Statistics                          ;
+----------------------------------------------+-------+
; Statistic                                    ; Value ;
+----------------------------------------------+-------+
; Total registers                              ; 496   ;
; Number of registers using Synchronous Clear  ; 0     ;
; Number of registers using Synchronous Load   ; 0     ;
; Number of registers using Asynchronous Clear ; 0     ;
; Number of registers using Asynchronous Load  ; 0     ;
; Number of registers using Clock Enable       ; 496   ;
; Number of registers using Preset             ; 0     ;
+----------------------------------------------+-------+


+---------------------------------------------------------------------------------------------------------------------------------------------+
; Multiplexer Restructuring Statistics (Restructuring Performed)                                                                              ;
+--------------------+-----------+---------------+----------------------+------------------------+------------+-------------------------------+
; Multiplexer Inputs ; Bus Width ; Baseline Area ; Area if Restructured ; Saving if Restructured ; Registered ; Example Multiplexer Output    ;
+--------------------+-----------+---------------+----------------------+------------------------+------------+-------------------------------+
; 4:1                ; 16 bits   ; 32 LEs        ; 16 LEs               ; 16 LEs                 ; Yes        ; |regfile32x32|regfile[31][2]  ;
; 4:1                ; 16 bits   ; 32 LEs        ; 16 LEs               ; 16 LEs                 ; Yes        ; |regfile32x32|regfile[30][13] ;
; 4:1                ; 16 bits   ; 32 LEs        ; 16 LEs               ; 16 LEs                 ; Yes        ; |regfile32x32|regfile[29][15] ;
; 4:1                ; 16 bits   ; 32 LEs        ; 16 LEs               ; 16 LEs                 ; Yes        ; |regfile32x32|regfile[28][13] ;
; 4:1                ; 16 bits   ; 32 LEs        ; 16 LEs               ; 16 LEs                 ; Yes        ; |regfile32x32|regfile[27][13] ;
; 4:1                ; 16 bits   ; 32 LEs        ; 16 LEs               ; 16 LEs                 ; Yes        ; |regfile32x32|regfile[26][1]  ;
; 4:1                ; 16 bits   ; 32 LEs        ; 16 LEs               ; 16 LEs                 ; Yes        ; |regfile32x32|regfile[25][11] ;
; 4:1                ; 16 bits   ; 32 LEs        ; 16 LEs               ; 16 LEs                 ; Yes        ; |regfile32x32|regfile[24][15] ;
; 4:1                ; 16 bits   ; 32 LEs        ; 16 LEs               ; 16 LEs                 ; Yes        ; |regfile32x32|regfile[23][8]  ;
; 4:1                ; 16 bits   ; 32 LEs        ; 16 LEs               ; 16 LEs                 ; Yes        ; |regfile32x32|regfile[22][0]  ;
; 4:1                ; 16 bits   ; 32 LEs        ; 16 LEs               ; 16 LEs                 ; Yes        ; |regfile32x32|regfile[21][14] ;
; 4:1                ; 16 bits   ; 32 LEs        ; 16 LEs               ; 16 LEs                 ; Yes        ; |regfile32x32|regfile[20][2]  ;
; 4:1                ; 16 bits   ; 32 LEs        ; 16 LEs               ; 16 LEs                 ; Yes        ; |regfile32x32|regfile[19][6]  ;
; 4:1                ; 16 bits   ; 32 LEs        ; 16 LEs               ; 16 LEs                 ; Yes        ; |regfile32x32|regfile[18][5]  ;
; 4:1                ; 16 bits   ; 32 LEs        ; 16 LEs               ; 16 LEs                 ; Yes        ; |regfile32x32|regfile[17][7]  ;
; 4:1                ; 16 bits   ; 32 LEs        ; 16 LEs               ; 16 LEs                 ; Yes        ; |regfile32x32|regfile[16][14] ;
; 4:1                ; 16 bits   ; 32 LEs        ; 16 LEs               ; 16 LEs                 ; Yes        ; |regfile32x32|regfile[15][14] ;
; 4:1                ; 16 bits   ; 32 LEs        ; 16 LEs               ; 16 LEs                 ; Yes        ; |regfile32x32|regfile[14][11] ;
; 4:1                ; 16 bits   ; 32 LEs        ; 16 LEs               ; 16 LEs                 ; Yes        ; |regfile32x32|regfile[13][13] ;
; 4:1                ; 16 bits   ; 32 LEs        ; 16 LEs               ; 16 LEs                 ; Yes        ; |regfile32x32|regfile[12][11] ;
; 4:1                ; 16 bits   ; 32 LEs        ; 16 LEs               ; 16 LEs                 ; Yes        ; |regfile32x32|regfile[11][13] ;
; 4:1                ; 16 bits   ; 32 LEs        ; 16 LEs               ; 16 LEs                 ; Yes        ; |regfile32x32|regfile[10][14] ;
; 4:1                ; 16 bits   ; 32 LEs        ; 16 LEs               ; 16 LEs                 ; Yes        ; |regfile32x32|regfile[9][10]  ;
; 4:1                ; 16 bits   ; 32 LEs        ; 16 LEs               ; 16 LEs                 ; Yes        ; |regfile32x32|regfile[8][2]   ;
; 4:1                ; 16 bits   ; 32 LEs        ; 16 LEs               ; 16 LEs                 ; Yes        ; |regfile32x32|regfile[7][3]   ;
; 4:1                ; 16 bits   ; 32 LEs        ; 16 LEs               ; 16 LEs                 ; Yes        ; |regfile32x32|regfile[6][10]  ;
; 4:1                ; 16 bits   ; 32 LEs        ; 16 LEs               ; 16 LEs                 ; Yes        ; |regfile32x32|regfile[5][9]   ;
; 4:1                ; 16 bits   ; 32 LEs        ; 16 LEs               ; 16 LEs                 ; Yes        ; |regfile32x32|regfile[4][10]  ;
; 4:1                ; 16 bits   ; 32 LEs        ; 16 LEs               ; 16 LEs                 ; Yes        ; |regfile32x32|regfile[3][4]   ;
; 4:1                ; 16 bits   ; 32 LEs        ; 16 LEs               ; 16 LEs                 ; Yes        ; |regfile32x32|regfile[2][3]   ;
; 4:1                ; 16 bits   ; 32 LEs        ; 16 LEs               ; 16 LEs                 ; Yes        ; |regfile32x32|regfile[1][15]  ;
; 32:1               ; 16 bits   ; 336 LEs       ; 320 LEs              ; 16 LEs                 ; No         ; |regfile32x32|Mux9            ;
+--------------------+-----------+---------------+----------------------+------------------------+------------+-------------------------------+


+-------------------------------+
; Analysis & Synthesis Messages ;
+-------------------------------+
Info: *******************************************************************
Info: Running Quartus II Analysis & Synthesis
    Info: Version 9.1 Build 222 10/21/2009 SJ Web Edition
    Info: Processing started: Thu Oct 31 10:26:30 2019
Info: Command: quartus_map --read_settings_files=on --write_settings_files=off regfile32x32 -c regfile32x32
Info: Found 1 design units, including 1 entities, in source file regfile32x32.v
    Info: Found entity 1: regfile32x32
Warning (10236): Verilog HDL Implicit Net warning at regfile32x32.v(17): created implicit net for "wrAddrB"
Info: Elaborating entity "regfile32x32" for the top level hierarchy
Warning (10036): Verilog HDL or VHDL warning at regfile32x32.v(17): object "wrAddrB" assigned a value but never read
Warning (10858): Verilog HDL warning at regfile32x32.v(13): object rdAddrB used but never assigned
Warning (10230): Verilog HDL assignment warning at regfile32x32.v(17): truncated value with size 5 to match size of target (1)
Warning (10230): Verilog HDL assignment warning at regfile32x32.v(21): truncated value with size 32 to match size of target (16)
Warning (10030): Net "rdAddrB" at regfile32x32.v(13) has no driver or initial value, using a default initial value '0'
Warning: Output pins are stuck at VCC or GND
    Warning (13410): Pin "rdDataB[0]" is stuck at GND
    Warning (13410): Pin "rdDataB[1]" is stuck at GND
    Warning (13410): Pin "rdDataB[2]" is stuck at GND
    Warning (13410): Pin "rdDataB[3]" is stuck at GND
    Warning (13410): Pin "rdDataB[4]" is stuck at GND
    Warning (13410): Pin "rdDataB[5]" is stuck at GND
    Warning (13410): Pin "rdDataB[6]" is stuck at GND
    Warning (13410): Pin "rdDataB[7]" is stuck at GND
    Warning (13410): Pin "rdDataB[8]" is stuck at GND
    Warning (13410): Pin "rdDataB[9]" is stuck at GND
    Warning (13410): Pin "rdDataB[10]" is stuck at GND
    Warning (13410): Pin "rdDataB[11]" is stuck at GND
    Warning (13410): Pin "rdDataB[12]" is stuck at GND
    Warning (13410): Pin "rdDataB[13]" is stuck at GND
    Warning (13410): Pin "rdDataB[14]" is stuck at GND
    Warning (13410): Pin "rdDataB[15]" is stuck at GND
    Warning (13410): Pin "rdDataB[16]" is stuck at GND
    Warning (13410): Pin "rdDataB[17]" is stuck at GND
    Warning (13410): Pin "rdDataB[18]" is stuck at GND
    Warning (13410): Pin "rdDataB[19]" is stuck at GND
    Warning (13410): Pin "rdDataB[20]" is stuck at GND
    Warning (13410): Pin "rdDataB[21]" is stuck at GND
    Warning (13410): Pin "rdDataB[22]" is stuck at GND
    Warning (13410): Pin "rdDataB[23]" is stuck at GND
    Warning (13410): Pin "rdDataB[24]" is stuck at GND
    Warning (13410): Pin "rdDataB[25]" is stuck at GND
    Warning (13410): Pin "rdDataB[26]" is stuck at GND
    Warning (13410): Pin "rdDataB[27]" is stuck at GND
    Warning (13410): Pin "rdDataB[28]" is stuck at GND
    Warning (13410): Pin "rdDataB[29]" is stuck at GND
    Warning (13410): Pin "rdDataB[30]" is stuck at GND
    Warning (13410): Pin "rdDataB[31]" is stuck at GND
Warning: Design contains 38 input pin(s) that do not drive logic
    Warning (15610): No output dependent on input pin "instr[0]"
    Warning (15610): No output dependent on input pin "instr[1]"
    Warning (15610): No output dependent on input pin "instr[2]"
    Warning (15610): No output dependent on input pin "instr[3]"
    Warning (15610): No output dependent on input pin "instr[4]"
    Warning (15610): No output dependent on input pin "instr[5]"
    Warning (15610): No output dependent on input pin "instr[6]"
    Warning (15610): No output dependent on input pin "instr[12]"
    Warning (15610): No output dependent on input pin "instr[13]"
    Warning (15610): No output dependent on input pin "instr[14]"
    Warning (15610): No output dependent on input pin "instr[20]"
    Warning (15610): No output dependent on input pin "instr[21]"
    Warning (15610): No output dependent on input pin "instr[22]"
    Warning (15610): No output dependent on input pin "instr[23]"
    Warning (15610): No output dependent on input pin "instr[24]"
    Warning (15610): No output dependent on input pin "instr[25]"
    Warning (15610): No output dependent on input pin "instr[26]"
    Warning (15610): No output dependent on input pin "instr[27]"
    Warning (15610): No output dependent on input pin "instr[28]"
    Warning (15610): No output dependent on input pin "instr[29]"
    Warning (15610): No output dependent on input pin "instr[30]"
    Warning (15610): No output dependent on input pin "instr[31]"
    Warning (15610): No output dependent on input pin "wrDataD[16]"
    Warning (15610): No output dependent on input pin "wrDataD[17]"
    Warning (15610): No output dependent on input pin "wrDataD[18]"
    Warning (15610): No output dependent on input pin "wrDataD[19]"
    Warning (15610): No output dependent on input pin "wrDataD[20]"
    Warning (15610): No output dependent on input pin "wrDataD[21]"
    Warning (15610): No output dependent on input pin "wrDataD[22]"
    Warning (15610): No output dependent on input pin "wrDataD[23]"
    Warning (15610): No output dependent on input pin "wrDataD[24]"
    Warning (15610): No output dependent on input pin "wrDataD[25]"
    Warning (15610): No output dependent on input pin "wrDataD[26]"
    Warning (15610): No output dependent on input pin "wrDataD[27]"
    Warning (15610): No output dependent on input pin "wrDataD[28]"
    Warning (15610): No output dependent on input pin "wrDataD[29]"
    Warning (15610): No output dependent on input pin "wrDataD[30]"
    Warning (15610): No output dependent on input pin "wrDataD[31]"
Info: Implemented 1023 device resources after synthesis - the final resource count might be different
    Info: Implemented 67 input pins
    Info: Implemented 48 output pins
    Info: Implemented 908 logic cells
Info: Quartus II Analysis & Synthesis was successful. 0 errors, 78 warnings
    Info: Peak virtual memory: 241 megabytes
    Info: Processing ended: Thu Oct 31 10:26:35 2019
    Info: Elapsed time: 00:00:05
    Info: Total CPU time (on all processors): 00:00:04


