Analysis & Synthesis report for alu
Sun Nov 03 21:55:00 2019
Quartus II Version 9.1 Build 222 10/21/2009 SJ Web Edition


---------------------
; Table of Contents ;
---------------------
  1. Legal Notice
  2. Analysis & Synthesis Summary
  3. Analysis & Synthesis Settings
  4. Parallel Compilation
  5. Analysis & Synthesis Source Files Read
  6. Analysis & Synthesis Resource Usage Summary
  7. Analysis & Synthesis Resource Utilization by Entity
  8. User-Specified and Inferred Latches
  9. General Register Statistics
 10. Multiplexer Restructuring Statistics (Restructuring Performed)
 11. Parameter Settings for User Entity Instance: Top-level Entity: |alu
 12. Analysis & Synthesis Messages
 13. Analysis & Synthesis Suppressed Messages



----------------
; Legal Notice ;
----------------
Copyright (C) 1991-2009 Altera Corporation
Your use of Altera Corporation's design tools, logic functions 
and other software and tools, and its AMPP partner logic 
functions, and any output files from any of the foregoing 
(including device programming or simulation files), and any 
associated documentation or information are expressly subject 
to the terms and conditions of the Altera Program License 
Subscription Agreement, Altera MegaCore Function License 
Agreement, or other applicable license agreement, including, 
without limitation, that your use is for the sole purpose of 
programming logic devices manufactured by Altera and sold by 
Altera or its authorized distributors.  Please refer to the 
applicable agreement for further details.



+------------------------------------------------------------------------------+
; Analysis & Synthesis Summary                                                 ;
+------------------------------------+-----------------------------------------+
; Analysis & Synthesis Status        ; Successful - Sun Nov 03 21:55:00 2019   ;
; Quartus II Version                 ; 9.1 Build 222 10/21/2009 SJ Web Edition ;
; Revision Name                      ; alu                                     ;
; Top-level Entity Name              ; alu                                     ;
; Family                             ; Cyclone II                              ;
; Total logic elements               ; 770                                     ;
;     Total combinational functions  ; 770                                     ;
;     Dedicated logic registers      ; 0                                       ;
; Total registers                    ; 0                                       ;
; Total pins                         ; 100                                     ;
; Total virtual pins                 ; 0                                       ;
; Total memory bits                  ; 0                                       ;
; Embedded Multiplier 9-bit elements ; 0                                       ;
; Total PLLs                         ; 0                                       ;
+------------------------------------+-----------------------------------------+


+----------------------------------------------------------------------------------------------------------------------+
; Analysis & Synthesis Settings                                                                                        ;
+----------------------------------------------------------------------------+--------------------+--------------------+
; Option                                                                     ; Setting            ; Default Value      ;
+----------------------------------------------------------------------------+--------------------+--------------------+
; Top-level entity name                                                      ; alu                ; alu                ;
; Family name                                                                ; Cyclone II         ; Stratix II         ;
; Use Generated Physical Constraints File                                    ; Off                ;                    ;
; Use smart compilation                                                      ; Off                ; Off                ;
; Enable parallel Assembler and TimeQuest Timing Analyzer during compilation ; On                 ; On                 ;
; Enable compact report table                                                ; Off                ; Off                ;
; Restructure Multiplexers                                                   ; Auto               ; Auto               ;
; Create Debugging Nodes for IP Cores                                        ; Off                ; Off                ;
; Preserve fewer node names                                                  ; On                 ; On                 ;
; Disable OpenCore Plus hardware evaluation                                  ; Off                ; Off                ;
; Verilog Version                                                            ; Verilog_2001       ; Verilog_2001       ;
; VHDL Version                                                               ; VHDL_1993          ; VHDL_1993          ;
; State Machine Processing                                                   ; Auto               ; Auto               ;
; Safe State Machine                                                         ; Off                ; Off                ;
; Extract Verilog State Machines                                             ; On                 ; On                 ;
; Extract VHDL State Machines                                                ; On                 ; On                 ;
; Ignore Verilog initial constructs                                          ; Off                ; Off                ;
; Iteration limit for constant Verilog loops                                 ; 5000               ; 5000               ;
; Iteration limit for non-constant Verilog loops                             ; 250                ; 250                ;
; Add Pass-Through Logic to Inferred RAMs                                    ; On                 ; On                 ;
; Parallel Synthesis                                                         ; On                 ; On                 ;
; DSP Block Balancing                                                        ; Auto               ; Auto               ;
; NOT Gate Push-Back                                                         ; On                 ; On                 ;
; Power-Up Don't Care                                                        ; On                 ; On                 ;
; Remove Redundant Logic Cells                                               ; Off                ; Off                ;
; Remove Duplicate Registers                                                 ; On                 ; On                 ;
; Ignore CARRY Buffers                                                       ; Off                ; Off                ;
; Ignore CASCADE Buffers                                                     ; Off                ; Off                ;
; Ignore GLOBAL Buffers                                                      ; Off                ; Off                ;
; Ignore ROW GLOBAL Buffers                                                  ; Off                ; Off                ;
; Ignore LCELL Buffers                                                       ; Off                ; Off                ;
; Ignore SOFT Buffers                                                        ; On                 ; On                 ;
; Limit AHDL Integers to 32 Bits                                             ; Off                ; Off                ;
; Optimization Technique                                                     ; Balanced           ; Balanced           ;
; Carry Chain Length                                                         ; 70                 ; 70                 ;
; Auto Carry Chains                                                          ; On                 ; On                 ;
; Auto Open-Drain Pins                                                       ; On                 ; On                 ;
; Perform WYSIWYG Primitive Resynthesis                                      ; Off                ; Off                ;
; Auto ROM Replacement                                                       ; On                 ; On                 ;
; Auto RAM Replacement                                                       ; On                 ; On                 ;
; Auto Shift Register Replacement                                            ; Auto               ; Auto               ;
; Auto Clock Enable Replacement                                              ; On                 ; On                 ;
; Strict RAM Replacement                                                     ; Off                ; Off                ;
; Allow Synchronous Control Signals                                          ; On                 ; On                 ;
; Force Use of Synchronous Clear Signals                                     ; Off                ; Off                ;
; Auto RAM to Logic Cell Conversion                                          ; Off                ; Off                ;
; Auto Resource Sharing                                                      ; Off                ; Off                ;
; Allow Any RAM Size For Recognition                                         ; Off                ; Off                ;
; Allow Any ROM Size For Recognition                                         ; Off                ; Off                ;
; Allow Any Shift Register Size For Recognition                              ; Off                ; Off                ;
; Use LogicLock Constraints during Resource Balancing                        ; On                 ; On                 ;
; Ignore translate_off and synthesis_off directives                          ; Off                ; Off                ;
; Timing-Driven Synthesis                                                    ; Off                ; Off                ;
; Show Parameter Settings Tables in Synthesis Report                         ; On                 ; On                 ;
; Ignore Maximum Fan-Out Assignments                                         ; Off                ; Off                ;
; Synchronization Register Chain Length                                      ; 2                  ; 2                  ;
; PowerPlay Power Optimization                                               ; Normal compilation ; Normal compilation ;
; HDL message level                                                          ; Level2             ; Level2             ;
; Suppress Register Optimization Related Messages                            ; Off                ; Off                ;
; Number of Removed Registers Reported in Synthesis Report                   ; 100                ; 100                ;
; Number of Inverted Registers Reported in Synthesis Report                  ; 100                ; 100                ;
; Clock MUX Protection                                                       ; On                 ; On                 ;
; Auto Gated Clock Conversion                                                ; Off                ; Off                ;
; Block Design Naming                                                        ; Auto               ; Auto               ;
; SDC constraint protection                                                  ; Off                ; Off                ;
; Synthesis Effort                                                           ; Auto               ; Auto               ;
; Shift Register Replacement - Allow Asynchronous Clear Signal               ; On                 ; On                 ;
; Analysis & Synthesis Message Level                                         ; Medium             ; Medium             ;
; Disable Register Merging Across Hierarchies                                ; Auto               ; Auto               ;
; Resource Aware Inference For Block RAM                                     ; On                 ; On                 ;
+----------------------------------------------------------------------------+--------------------+--------------------+


Parallel compilation was disabled, but you have multiple processors available. Enable parallel compilation to reduce compilation time.
+-------------------------------------+
; Parallel Compilation                ;
+----------------------------+--------+
; Processors                 ; Number ;
+----------------------------+--------+
; Number detected on machine ; 2      ;
; Maximum allowed            ; 1      ;
+----------------------------+--------+


+---------------------------------------------------------------------------------------------------------------------------------------------+
; Analysis & Synthesis Source Files Read                                                                                                      ;
+----------------------------------+-----------------+------------------------+---------------------------------------------------------------+
; File Name with User-Entered Path ; Used in Netlist ; File Type              ; File Name with Absolute Path                                  ;
+----------------------------------+-----------------+------------------------+---------------------------------------------------------------+
; alu.v                            ; yes             ; User Verilog HDL File  ; C:/Users/NGUYEN DUY LINH/Desktop/CS_Projects/RISC-V/alu/alu.v ;
+----------------------------------+-----------------+------------------------+---------------------------------------------------------------+


+----------------------------------------------------------+
; Analysis & Synthesis Resource Usage Summary              ;
+---------------------------------------------+------------+
; Resource                                    ; Usage      ;
+---------------------------------------------+------------+
; Estimated Total logic elements              ; 770        ;
;                                             ;            ;
; Total combinational functions               ; 770        ;
; Logic element usage by number of LUT inputs ;            ;
;     -- 4 input functions                    ; 379        ;
;     -- 3 input functions                    ; 319        ;
;     -- <=2 input functions                  ; 72         ;
;                                             ;            ;
; Logic elements by mode                      ;            ;
;     -- normal mode                          ; 676        ;
;     -- arithmetic mode                      ; 94         ;
;                                             ;            ;
; Total registers                             ; 0          ;
;     -- Dedicated logic registers            ; 0          ;
;     -- I/O registers                        ; 0          ;
;                                             ;            ;
; I/O pins                                    ; 100        ;
; Maximum fan-out node                        ; alu_sel[0] ;
; Maximum fan-out                             ; 120        ;
; Total fan-out                               ; 2649       ;
; Average fan-out                             ; 3.04       ;
+---------------------------------------------+------------+


+-----------------------------------------------------------------------------------------------------------------------------------------------------------------------------+
; Analysis & Synthesis Resource Utilization by Entity                                                                                                                         ;
+----------------------------+-------------------+--------------+-------------+--------------+---------+-----------+------+--------------+---------------------+--------------+
; Compilation Hierarchy Node ; LC Combinationals ; LC Registers ; Memory Bits ; DSP Elements ; DSP 9x9 ; DSP 18x18 ; Pins ; Virtual Pins ; Full Hierarchy Name ; Library Name ;
+----------------------------+-------------------+--------------+-------------+--------------+---------+-----------+------+--------------+---------------------+--------------+
; |alu                       ; 770 (770)         ; 0 (0)        ; 0           ; 0            ; 0       ; 0         ; 100  ; 0            ; |alu                ; work         ;
+----------------------------+-------------------+--------------+-------------+--------------+---------+-----------+------+--------------+---------------------+--------------+
Note: For table entries with two numbers listed, the numbers in parentheses indicate the number of resources of the given type used by the specific entity alone. The numbers listed outside of parentheses indicate the total resources of the given type used by the specific entity and all of its sub-entities in the hierarchy.


+----------------------------------------------------------------------------------------------------+
; User-Specified and Inferred Latches                                                                ;
+-----------------------------------------------------+---------------------+------------------------+
; Latch Name                                          ; Latch Enable Signal ; Free of Timing Hazards ;
+-----------------------------------------------------+---------------------+------------------------+
; alu_out[0]$latch                                    ; Mux32               ; yes                    ;
; alu_out[1]$latch                                    ; Mux32               ; yes                    ;
; alu_out[2]$latch                                    ; Mux32               ; yes                    ;
; alu_out[3]$latch                                    ; Mux32               ; yes                    ;
; alu_out[4]$latch                                    ; Mux32               ; yes                    ;
; alu_out[5]$latch                                    ; Mux32               ; yes                    ;
; alu_out[6]$latch                                    ; Mux32               ; yes                    ;
; alu_out[7]$latch                                    ; Mux32               ; yes                    ;
; alu_out[8]$latch                                    ; Mux32               ; yes                    ;
; alu_out[9]$latch                                    ; Mux32               ; yes                    ;
; alu_out[10]$latch                                   ; Mux32               ; yes                    ;
; alu_out[11]$latch                                   ; Mux32               ; yes                    ;
; alu_out[12]$latch                                   ; Mux32               ; yes                    ;
; alu_out[13]$latch                                   ; Mux32               ; yes                    ;
; alu_out[14]$latch                                   ; Mux32               ; yes                    ;
; alu_out[15]$latch                                   ; Mux32               ; yes                    ;
; alu_out[16]$latch                                   ; Mux32               ; yes                    ;
; alu_out[17]$latch                                   ; Mux32               ; yes                    ;
; alu_out[18]$latch                                   ; Mux32               ; yes                    ;
; alu_out[19]$latch                                   ; Mux32               ; yes                    ;
; alu_out[20]$latch                                   ; Mux32               ; yes                    ;
; alu_out[21]$latch                                   ; Mux32               ; yes                    ;
; alu_out[22]$latch                                   ; Mux32               ; yes                    ;
; alu_out[23]$latch                                   ; Mux32               ; yes                    ;
; alu_out[24]$latch                                   ; Mux32               ; yes                    ;
; alu_out[25]$latch                                   ; Mux32               ; yes                    ;
; alu_out[26]$latch                                   ; Mux32               ; yes                    ;
; alu_out[27]$latch                                   ; Mux32               ; yes                    ;
; alu_out[28]$latch                                   ; Mux32               ; yes                    ;
; alu_out[29]$latch                                   ; Mux32               ; yes                    ;
; alu_out[30]$latch                                   ; Mux32               ; yes                    ;
; alu_out[31]$latch                                   ; Mux32               ; yes                    ;
; Number of user-specified and inferred latches = 32  ;                     ;                        ;
+-----------------------------------------------------+---------------------+------------------------+
Note: All latches listed above may not be present at the end of synthesis due to various synthesis optimizations.


+------------------------------------------------------+
; General Register Statistics                          ;
+----------------------------------------------+-------+
; Statistic                                    ; Value ;
+----------------------------------------------+-------+
; Total registers                              ; 0     ;
; Number of registers using Synchronous Clear  ; 0     ;
; Number of registers using Synchronous Load   ; 0     ;
; Number of registers using Asynchronous Clear ; 0     ;
; Number of registers using Asynchronous Load  ; 0     ;
; Number of registers using Clock Enable       ; 0     ;
; Number of registers using Preset             ; 0     ;
+----------------------------------------------+-------+


+------------------------------------------------------------------------------------------------------------------------------------------+
; Multiplexer Restructuring Statistics (Restructuring Performed)                                                                           ;
+--------------------+-----------+---------------+----------------------+------------------------+------------+----------------------------+
; Multiplexer Inputs ; Bus Width ; Baseline Area ; Area if Restructured ; Saving if Restructured ; Registered ; Example Multiplexer Output ;
+--------------------+-----------+---------------+----------------------+------------------------+------------+----------------------------+
; 18:1               ; 7 bits    ; 84 LEs        ; 56 LEs               ; 28 LEs                 ; No         ; |alu|Mux22                 ;
; 17:1               ; 7 bits    ; 77 LEs        ; 56 LEs               ; 21 LEs                 ; No         ; |alu|Mux11                 ;
; 19:1               ; 4 bits    ; 48 LEs        ; 36 LEs               ; 12 LEs                 ; No         ; |alu|Mux27                 ;
; 18:1               ; 4 bits    ; 48 LEs        ; 36 LEs               ; 12 LEs                 ; No         ; |alu|Mux7                  ;
; 20:1               ; 2 bits    ; 26 LEs        ; 20 LEs               ; 6 LEs                  ; No         ; |alu|Mux29                 ;
; 19:1               ; 2 bits    ; 24 LEs        ; 20 LEs               ; 4 LEs                  ; No         ; |alu|Mux2                  ;
+--------------------+-----------+---------------+----------------------+------------------------+------------+----------------------------+


+---------------------------------------------------------------------+
; Parameter Settings for User Entity Instance: Top-level Entity: |alu ;
+----------------+-------+--------------------------------------------+
; Parameter Name ; Value ; Type                                       ;
+----------------+-------+--------------------------------------------+
; ADD            ; 0000  ; Unsigned Binary                            ;
; SUB            ; 0001  ; Unsigned Binary                            ;
; SLL            ; 0010  ; Unsigned Binary                            ;
; SLT            ; 0011  ; Unsigned Binary                            ;
; SLTU           ; 0100  ; Unsigned Binary                            ;
; XOR            ; 0101  ; Unsigned Binary                            ;
; SRL            ; 0110  ; Unsigned Binary                            ;
; SRA            ; 0111  ; Unsigned Binary                            ;
; OR             ; 1000  ; Unsigned Binary                            ;
; AND            ; 1001  ; Unsigned Binary                            ;
; B_OUT          ; 1011  ; Unsigned Binary                            ;
+----------------+-------+--------------------------------------------+
Note: In order to hide this table in the UI and the text report file, please set the "Show Parameter Settings Tables in Synthesis Report" option in "Analysis and Synthesis Settings -> More Settings" to "Off".


+-------------------------------+
; Analysis & Synthesis Messages ;
+-------------------------------+
Info: *******************************************************************
Info: Running Quartus II Analysis & Synthesis
    Info: Version 9.1 Build 222 10/21/2009 SJ Web Edition
    Info: Processing started: Sun Nov 03 21:54:50 2019
Info: Command: quartus_map --read_settings_files=on --write_settings_files=off alu -c alu
Info: Found 1 design units, including 1 entities, in source file alu.v
    Info: Found entity 1: alu
Info: Elaborating entity "alu" for the top level hierarchy
Warning (10270): Verilog HDL Case Statement warning at alu.v(20): incomplete case statement has no default case item
Warning (10240): Verilog HDL Always Construct warning at alu.v(20): inferring latch(es) for variable "alu_out", which holds its previous value in one or more paths through the always construct
Info (10041): Inferred latch for "alu_out[0]" at alu.v(20)
Info (10041): Inferred latch for "alu_out[1]" at alu.v(20)
Info (10041): Inferred latch for "alu_out[2]" at alu.v(20)
Info (10041): Inferred latch for "alu_out[3]" at alu.v(20)
Info (10041): Inferred latch for "alu_out[4]" at alu.v(20)
Info (10041): Inferred latch for "alu_out[5]" at alu.v(20)
Info (10041): Inferred latch for "alu_out[6]" at alu.v(20)
Info (10041): Inferred latch for "alu_out[7]" at alu.v(20)
Info (10041): Inferred latch for "alu_out[8]" at alu.v(20)
Info (10041): Inferred latch for "alu_out[9]" at alu.v(20)
Info (10041): Inferred latch for "alu_out[10]" at alu.v(20)
Info (10041): Inferred latch for "alu_out[11]" at alu.v(20)
Info (10041): Inferred latch for "alu_out[12]" at alu.v(20)
Info (10041): Inferred latch for "alu_out[13]" at alu.v(20)
Info (10041): Inferred latch for "alu_out[14]" at alu.v(20)
Info (10041): Inferred latch for "alu_out[15]" at alu.v(20)
Info (10041): Inferred latch for "alu_out[16]" at alu.v(20)
Info (10041): Inferred latch for "alu_out[17]" at alu.v(20)
Info (10041): Inferred latch for "alu_out[18]" at alu.v(20)
Info (10041): Inferred latch for "alu_out[19]" at alu.v(20)
Info (10041): Inferred latch for "alu_out[20]" at alu.v(20)
Info (10041): Inferred latch for "alu_out[21]" at alu.v(20)
Info (10041): Inferred latch for "alu_out[22]" at alu.v(20)
Info (10041): Inferred latch for "alu_out[23]" at alu.v(20)
Info (10041): Inferred latch for "alu_out[24]" at alu.v(20)
Info (10041): Inferred latch for "alu_out[25]" at alu.v(20)
Info (10041): Inferred latch for "alu_out[26]" at alu.v(20)
Info (10041): Inferred latch for "alu_out[27]" at alu.v(20)
Info (10041): Inferred latch for "alu_out[28]" at alu.v(20)
Info (10041): Inferred latch for "alu_out[29]" at alu.v(20)
Info (10041): Inferred latch for "alu_out[30]" at alu.v(20)
Info (10041): Inferred latch for "alu_out[31]" at alu.v(20)
Warning: Latch alu_out[0]$latch has unsafe behavior
    Warning: Ports D and ENA on the latch are fed by the same signal alu_sel[2]
Warning: Latch alu_out[1]$latch has unsafe behavior
    Warning: Ports D and ENA on the latch are fed by the same signal alu_sel[2]
Warning: Latch alu_out[2]$latch has unsafe behavior
    Warning: Ports D and ENA on the latch are fed by the same signal alu_sel[3]
Warning: Latch alu_out[3]$latch has unsafe behavior
    Warning: Ports D and ENA on the latch are fed by the same signal alu_sel[0]
Warning: Latch alu_out[4]$latch has unsafe behavior
    Warning: Ports D and ENA on the latch are fed by the same signal alu_sel[2]
Warning: Latch alu_out[5]$latch has unsafe behavior
    Warning: Ports D and ENA on the latch are fed by the same signal alu_sel[2]
Warning: Latch alu_out[6]$latch has unsafe behavior
    Warning: Ports D and ENA on the latch are fed by the same signal alu_sel[2]
Warning: Latch alu_out[7]$latch has unsafe behavior
    Warning: Ports D and ENA on the latch are fed by the same signal alu_sel[2]
Warning: Latch alu_out[8]$latch has unsafe behavior
    Warning: Ports D and ENA on the latch are fed by the same signal alu_sel[0]
Warning: Latch alu_out[9]$latch has unsafe behavior
    Warning: Ports D and ENA on the latch are fed by the same signal alu_sel[0]
Warning: Latch alu_out[10]$latch has unsafe behavior
    Warning: Ports D and ENA on the latch are fed by the same signal alu_sel[0]
Warning: Latch alu_out[11]$latch has unsafe behavior
    Warning: Ports D and ENA on the latch are fed by the same signal alu_sel[0]
Warning: Latch alu_out[12]$latch has unsafe behavior
    Warning: Ports D and ENA on the latch are fed by the same signal alu_sel[0]
Warning: Latch alu_out[13]$latch has unsafe behavior
    Warning: Ports D and ENA on the latch are fed by the same signal alu_sel[0]
Warning: Latch alu_out[14]$latch has unsafe behavior
    Warning: Ports D and ENA on the latch are fed by the same signal alu_sel[0]
Warning: Latch alu_out[15]$latch has unsafe behavior
    Warning: Ports D and ENA on the latch are fed by the same signal alu_sel[2]
Warning: Latch alu_out[16]$latch has unsafe behavior
    Warning: Ports D and ENA on the latch are fed by the same signal alu_sel[2]
Warning: Latch alu_out[17]$latch has unsafe behavior
    Warning: Ports D and ENA on the latch are fed by the same signal alu_sel[0]
Warning: Latch alu_out[18]$latch has unsafe behavior
    Warning: Ports D and ENA on the latch are fed by the same signal alu_sel[0]
Warning: Latch alu_out[19]$latch has unsafe behavior
    Warning: Ports D and ENA on the latch are fed by the same signal alu_sel[0]
Warning: Latch alu_out[20]$latch has unsafe behavior
    Warning: Ports D and ENA on the latch are fed by the same signal alu_sel[0]
Warning: Latch alu_out[21]$latch has unsafe behavior
    Warning: Ports D and ENA on the latch are fed by the same signal alu_sel[0]
Warning: Latch alu_out[22]$latch has unsafe behavior
    Warning: Ports D and ENA on the latch are fed by the same signal alu_sel[0]
Warning: Latch alu_out[23]$latch has unsafe behavior
    Warning: Ports D and ENA on the latch are fed by the same signal alu_sel[0]
Warning: Latch alu_out[24]$latch has unsafe behavior
    Warning: Ports D and ENA on the latch are fed by the same signal alu_sel[2]
Warning: Latch alu_out[25]$latch has unsafe behavior
    Warning: Ports D and ENA on the latch are fed by the same signal alu_sel[2]
Warning: Latch alu_out[26]$latch has unsafe behavior
    Warning: Ports D and ENA on the latch are fed by the same signal alu_sel[2]
Warning: Latch alu_out[27]$latch has unsafe behavior
    Warning: Ports D and ENA on the latch are fed by the same signal alu_sel[2]
Warning: Latch alu_out[28]$latch has unsafe behavior
    Warning: Ports D and ENA on the latch are fed by the same signal alu_sel[0]
Warning: Latch alu_out[29]$latch has unsafe behavior
    Warning: Ports D and ENA on the latch are fed by the same signal alu_sel[3]
Warning: Latch alu_out[30]$latch has unsafe behavior
    Warning: Ports D and ENA on the latch are fed by the same signal alu_sel[2]
Warning: Latch alu_out[31]$latch has unsafe behavior
    Warning: Ports D and ENA on the latch are fed by the same signal alu_sel[2]
Info: Generated suppressed messages file C:/Users/NGUYEN DUY LINH/Desktop/CS_Projects/RISC-V/alu/alu.map.smsg
Info: Implemented 870 device resources after synthesis - the final resource count might be different
    Info: Implemented 68 input pins
    Info: Implemented 32 output pins
    Info: Implemented 770 logic cells
Info: Quartus II Analysis & Synthesis was successful. 0 errors, 66 warnings
    Info: Peak virtual memory: 235 megabytes
    Info: Processing ended: Sun Nov 03 21:55:01 2019
    Info: Elapsed time: 00:00:11
    Info: Total CPU time (on all processors): 00:00:10


+------------------------------------------+
; Analysis & Synthesis Suppressed Messages ;
+------------------------------------------+
The suppressed messages can be found in C:/Users/NGUYEN DUY LINH/Desktop/CS_Projects/RISC-V/alu/alu.map.smsg.


